[0.013s] Invoking command in '/home/tmrobot/tmrobot/tf/build/static_tf': CMAKE_PREFIX_PATH=/opt/ros/humble /usr/bin/cmake /home/tmrobot/tmrobot/tf/src/static_tf -DCMAKE_INSTALL_PREFIX=/home/tmrobot/tmrobot/tf/install/static_tf
[0.096s] -- The C compiler identification is GNU 11.4.0
[0.194s] -- The CXX compiler identification is GNU 11.4.0
[0.210s] -- Detecting C compiler ABI info
[0.339s] -- Detecting C compiler ABI info - done
[0.356s] -- Check for working C compiler: /usr/bin/cc - skipped
[0.357s] -- Detecting C compile features
[0.358s] -- Detecting C compile features - done
[0.369s] -- Detecting CXX compiler ABI info
[0.510s] -- Detecting CXX compiler ABI info - done
[0.532s] -- Check for working CXX compiler: /usr/bin/c++ - skipped
[0.533s] -- Detecting CXX compile features
[0.534s] -- Detecting CXX compile features - done
[0.542s] -- Found ament_cmake: 1.3.11 (/opt/ros/humble/share/ament_cmake/cmake)
[0.825s] -- Found Python3: /usr/bin/python3 (found version "3.10.12") found components: Interpreter 
[0.995s] -- Found ament_lint_auto: 0.12.12 (/opt/ros/humble/share/ament_lint_auto/cmake)
[1.141s] -- Added test 'flake8' to check Python code syntax and style conventions
[1.142s] -- Added test 'lint_cmake' to check CMake code style
[1.144s] -- Added test 'pep257' to check Python code against some of the docstring style conventions in PEP 257
[1.146s] -- Added test 'xmllint' to check XML markup files
[1.148s] -- Configuring done
[1.156s] -- Generating done
[1.159s] -- Build files have been written to: /home/tmrobot/tmrobot/tf/build/static_tf
[1.170s] Invoked command in '/home/tmrobot/tmrobot/tf/build/static_tf' returned '0': CMAKE_PREFIX_PATH=/opt/ros/humble /usr/bin/cmake /home/tmrobot/tmrobot/tf/src/static_tf -DCMAKE_INSTALL_PREFIX=/home/tmrobot/tmrobot/tf/install/static_tf
[1.173s] Invoking command in '/home/tmrobot/tmrobot/tf/build/static_tf': CMAKE_PREFIX_PATH=/opt/ros/humble /usr/bin/cmake --build /home/tmrobot/tmrobot/tf/build/static_tf -- -j6 -l6
[1.245s] Invoked command in '/home/tmrobot/tmrobot/tf/build/static_tf' returned '0': CMAKE_PREFIX_PATH=/opt/ros/humble /usr/bin/cmake --build /home/tmrobot/tmrobot/tf/build/static_tf -- -j6 -l6
[1.266s] Invoking command in '/home/tmrobot/tmrobot/tf/build/static_tf': CMAKE_PREFIX_PATH=/opt/ros/humble /usr/bin/cmake --install /home/tmrobot/tmrobot/tf/build/static_tf
[1.279s] -- Install configuration: ""
[1.279s] -- Installing: /home/tmrobot/tmrobot/tf/install/static_tf/share/static_tf/launch
[1.280s] -- Installing: /home/tmrobot/tmrobot/tf/install/static_tf/share/static_tf/launch/static_tf.launch.py
[1.280s] -- Installing: /home/tmrobot/tmrobot/tf/install/static_tf/share/ament_index/resource_index/package_run_dependencies/static_tf
[1.280s] -- Installing: /home/tmrobot/tmrobot/tf/install/static_tf/share/ament_index/resource_index/parent_prefix_path/static_tf
[1.281s] -- Installing: /home/tmrobot/tmrobot/tf/install/static_tf/share/static_tf/environment/ament_prefix_path.sh
[1.281s] -- Installing: /home/tmrobot/tmrobot/tf/install/static_tf/share/static_tf/environment/ament_prefix_path.dsv
[1.281s] -- Installing: /home/tmrobot/tmrobot/tf/install/static_tf/share/static_tf/environment/path.sh
[1.282s] -- Installing: /home/tmrobot/tmrobot/tf/install/static_tf/share/static_tf/environment/path.dsv
[1.282s] -- Installing: /home/tmrobot/tmrobot/tf/install/static_tf/share/static_tf/local_setup.bash
[1.282s] -- Installing: /home/tmrobot/tmrobot/tf/install/static_tf/share/static_tf/local_setup.sh
[1.282s] -- Installing: /home/tmrobot/tmrobot/tf/install/static_tf/share/static_tf/local_setup.zsh
[1.282s] -- Installing: /home/tmrobot/tmrobot/tf/install/static_tf/share/static_tf/local_setup.dsv
[1.283s] -- Installing: /home/tmrobot/tmrobot/tf/install/static_tf/share/static_tf/package.dsv
[1.283s] -- Installing: /home/tmrobot/tmrobot/tf/install/static_tf/share/ament_index/resource_index/packages/static_tf
[1.284s] -- Installing: /home/tmrobot/tmrobot/tf/install/static_tf/share/static_tf/cmake/static_tfConfig.cmake
[1.284s] -- Installing: /home/tmrobot/tmrobot/tf/install/static_tf/share/static_tf/cmake/static_tfConfig-version.cmake
[1.284s] -- Installing: /home/tmrobot/tmrobot/tf/install/static_tf/share/static_tf/package.xml
[1.288s] Invoked command in '/home/tmrobot/tmrobot/tf/build/static_tf' returned '0': CMAKE_PREFIX_PATH=/opt/ros/humble /usr/bin/cmake --install /home/tmrobot/tmrobot/tf/build/static_tf
